\BOOKMARK [1][-]{section.1}{\376\377\133\236\232\214\116\000\000\040\166\364\176\277\166\204\165\037\142\020}{}% 1
\BOOKMARK [2][-]{subsection.1.1}{\376\377\133\236\232\214\166\356\166\204}{section.1}% 2
\BOOKMARK [2][-]{subsection.1.2}{\376\377\133\236\232\214\211\201\154\102}{section.1}% 3
\BOOKMARK [2][-]{subsection.1.3}{\376\377\121\163\225\056\173\227\154\325\123\312\133\236\163\260\123\237\164\006}{section.1}% 4
\BOOKMARK [3][-]{subsubsection.1.3.1}{\376\377\000D\000D\000A\377\010\145\160\133\127\137\256\122\006\122\006\147\220\126\150\377\011\173\227\154\325}{subsection.1.3}% 5
\BOOKMARK [3][-]{subsubsection.1.3.2}{\376\377\116\055\160\271\165\073\176\277\173\227\154\325}{subsection.1.3}% 6
\BOOKMARK [3][-]{subsubsection.1.3.3}{\376\377\000B\000r\000e\000s\000e\000n\000h\000a\000m\000\040\173\227\154\325\377\010\221\315\160\271\377\011}{subsection.1.3}% 7
\BOOKMARK [3][-]{subsubsection.1.3.4}{\376\377\116\011\171\315\173\227\154\325\133\371\153\324}{subsection.1.3}% 8
\BOOKMARK [2][-]{subsection.1.4}{\376\377\172\013\136\217\214\003\213\325\116\055\166\204\225\356\230\230}{section.1}% 9
\BOOKMARK [2][-]{subsection.1.5}{\376\377\172\013\136\217\217\320\210\114\176\323\147\234\142\026\145\160\143\156}{section.1}% 10
\BOOKMARK [2][-]{subsection.1.6}{\376\377\133\236\232\214\145\066\203\267\123\312\117\123\117\032}{section.1}% 11
\BOOKMARK [1][-]{section.2}{\376\377\133\236\232\214\116\214\000\040\127\006\137\047\123\312\151\055\127\006\137\047\166\204\165\037\142\020}{}% 12
\BOOKMARK [2][-]{subsection.2.1}{\376\377\133\236\232\214\166\356\166\204}{section.2}% 13
\BOOKMARK [2][-]{subsection.2.2}{\376\377\133\236\232\214\211\201\154\102}{section.2}% 14
\BOOKMARK [2][-]{subsection.2.3}{\376\377\121\163\225\056\173\227\154\325\123\312\133\236\163\260\123\237\164\006}{section.2}% 15
\BOOKMARK [3][-]{subsubsection.2.3.1}{\376\377\127\006\166\204\121\153\122\006\133\371\171\360\140\047}{subsection.2.3}% 16
\BOOKMARK [3][-]{subsubsection.2.3.2}{\376\377\000B\000r\000e\000s\000e\000n\000h\000a\000m\000\040\127\006\137\047\173\227\154\325\377\010\221\315\160\271\377\011}{subsection.2.3}% 17
\BOOKMARK [3][-]{subsubsection.2.3.3}{\376\377\116\055\160\271\165\073\127\006\173\227\154\325}{subsection.2.3}% 18
\BOOKMARK [3][-]{subsubsection.2.3.4}{\376\377\116\055\160\271\165\073\151\055\127\006\173\227\154\325}{subsection.2.3}% 19
\BOOKMARK [2][-]{subsection.2.4}{\376\377\172\013\136\217\214\003\213\325\116\055\166\204\225\356\230\230}{section.2}% 20
\BOOKMARK [2][-]{subsection.2.5}{\376\377\172\013\136\217\217\320\210\114\176\323\147\234\142\026\145\160\143\156}{section.2}% 21
\BOOKMARK [2][-]{subsection.2.6}{\376\377\133\236\232\214\145\066\203\267\123\312\117\123\117\032}{section.2}% 22
\BOOKMARK [1][-]{section.3}{\376\377\133\236\232\214\116\011\000\040\000B\000e\000z\000i\000e\000r\000\040\146\362\176\277\165\037\142\020}{}% 23
\BOOKMARK [2][-]{subsection.3.1}{\376\377\133\236\232\214\166\356\166\204}{section.3}% 24
\BOOKMARK [2][-]{subsection.3.2}{\376\377\133\236\232\214\211\201\154\102}{section.3}% 25
\BOOKMARK [2][-]{subsection.3.3}{\376\377\121\163\225\056\173\227\154\325\123\312\133\236\163\260\123\237\164\006}{section.3}% 26
\BOOKMARK [3][-]{subsubsection.3.3.1}{\376\377\000B\000e\000z\000i\000e\000r\000\040\146\362\176\277\166\204\123\302\145\160\210\150\171\072}{subsection.3.3}% 27
\BOOKMARK [3][-]{subsubsection.3.3.2}{\376\377\116\214\153\041\000\040\000B\000e\000z\000i\000e\000r\000\040\146\362\176\277}{subsection.3.3}% 28
\BOOKMARK [3][-]{subsubsection.3.3.3}{\376\377\116\011\153\041\000\040\000B\000e\000z\000i\000e\000r\000\040\146\362\176\277\377\010\221\315\160\271\377\011}{subsection.3.3}% 29
\BOOKMARK [3][-]{subsubsection.3.3.4}{\376\377\000d\000e\000\040\000C\000a\000s\000t\000e\000l\000j\000a\000u\000\040\121\340\117\125\220\022\143\250\173\227\154\325}{subsection.3.3}% 30
\BOOKMARK [3][-]{subsubsection.3.3.5}{\376\377\122\006\153\265\116\011\153\041\000\040\000B\000e\000z\000i\000e\000r\000\040\116\016\217\336\176\355\140\047\147\141\116\366}{subsection.3.3}% 31
\BOOKMARK [2][-]{subsection.3.4}{\376\377\172\013\136\217\214\003\213\325\116\055\166\204\225\356\230\230}{section.3}% 32
\BOOKMARK [2][-]{subsection.3.5}{\376\377\172\013\136\217\217\320\210\114\176\323\147\234\142\026\145\160\143\156}{section.3}% 33
\BOOKMARK [2][-]{subsection.3.6}{\376\377\133\236\232\214\145\066\203\267\123\312\117\123\117\032}{section.3}% 34
\BOOKMARK [1][-]{section.4}{\376\377\133\236\232\214\126\333\000\040\000H\000e\000r\000m\000i\000t\000e\000\040\146\362\176\277\165\037\142\020}{}% 35
\BOOKMARK [2][-]{subsection.4.1}{\376\377\133\236\232\214\166\356\166\204}{section.4}% 36
\BOOKMARK [2][-]{subsection.4.2}{\376\377\133\236\232\214\211\201\154\102}{section.4}% 37
\BOOKMARK [2][-]{subsection.4.3}{\376\377\121\163\225\056\173\227\154\325\123\312\133\236\163\260\123\237\164\006}{section.4}% 38
\BOOKMARK [3][-]{subsubsection.4.3.1}{\376\377\000H\000e\000r\000m\000i\000t\000e\000\040\146\362\176\277\166\204\123\302\145\160\210\150\171\072}{subsection.4.3}% 39
\BOOKMARK [3][-]{subsubsection.4.3.2}{\376\377\116\214\153\041\000\040\000H\000e\000r\000m\000i\000t\000e\000\040\146\362\176\277}{subsection.4.3}% 40
\BOOKMARK [3][-]{subsubsection.4.3.3}{\376\377\116\011\153\041\000\040\000H\000e\000r\000m\000i\000t\000e\000\040\146\362\176\277\377\010\221\315\160\271\377\011}{subsection.4.3}% 41
\BOOKMARK [3][-]{subsubsection.4.3.4}{\376\377\000H\000e\000r\000m\000i\000t\000e\000\040\116\016\000\040\000B\000e\000z\000i\000e\000r\000\040\166\204\173\111\116\367}{subsection.4.3}% 42
\BOOKMARK [3][-]{subsubsection.4.3.5}{\376\377\122\006\153\265\116\011\153\041\000\040\000H\000e\000r\000m\000i\000t\000e\000\040\116\016\000\040\000C\0001\000\040\217\336\176\355}{subsection.4.3}% 43
\BOOKMARK [2][-]{subsection.4.4}{\376\377\172\013\136\217\214\003\213\325\116\055\166\204\225\356\230\230}{section.4}% 44
\BOOKMARK [2][-]{subsection.4.5}{\376\377\172\013\136\217\217\320\210\114\176\323\147\234\142\026\145\160\143\156}{section.4}% 45
\BOOKMARK [2][-]{subsection.4.6}{\376\377\133\236\232\214\145\066\203\267\123\312\117\123\117\032}{section.4}% 46
\BOOKMARK [1][-]{section.5}{\376\377\133\236\232\214\116\224\000\040\131\032\217\271\137\142\166\204\123\072\127\337\130\153\121\105}{}% 47
\BOOKMARK [2][-]{subsection.5.1}{\376\377\133\236\232\214\166\356\166\204}{section.5}% 48
\BOOKMARK [2][-]{subsection.5.2}{\376\377\133\236\232\214\211\201\154\102}{section.5}% 49
\BOOKMARK [2][-]{subsection.5.3}{\376\377\121\163\225\056\173\227\154\325\123\312\133\236\163\260\123\237\164\006}{section.5}% 50
\BOOKMARK [3][-]{subsubsection.5.3.1}{\376\377\131\032\217\271\137\142\123\072\127\337\166\204\116\044\171\315\143\317\217\360\145\271\137\017}{subsection.5.3}% 51
\BOOKMARK [3][-]{subsubsection.5.3.2}{\376\377\0004\000-\217\336\220\032\217\271\165\114\171\315\133\120\130\153\121\105}{subsection.5.3}% 52
\BOOKMARK [3][-]{subsubsection.5.3.3}{\376\377\0008\000-\217\336\220\032\217\271\165\114\171\315\133\120\130\153\121\105}{subsection.5.3}% 53
\BOOKMARK [3][-]{subsubsection.5.3.4}{\376\377\142\153\143\317\176\277\130\153\121\105\173\227\154\325\377\010\221\315\160\271\377\011}{subsection.5.3}% 54
\BOOKMARK [3][-]{subsubsection.5.3.5}{\376\377\116\044\174\173\173\227\154\325\133\371\153\324}{subsection.5.3}% 55
\BOOKMARK [2][-]{subsection.5.4}{\376\377\172\013\136\217\214\003\213\325\116\055\166\204\225\356\230\230}{section.5}% 56
\BOOKMARK [2][-]{subsection.5.5}{\376\377\172\013\136\217\217\320\210\114\176\323\147\234\142\026\145\160\143\156}{section.5}% 57
\BOOKMARK [2][-]{subsection.5.6}{\376\377\133\236\232\214\145\066\203\267\123\312\117\123\117\032}{section.5}% 58
\BOOKMARK [1][-]{section.6}{\376\377\133\236\232\214\121\155\000\040\116\214\176\364\121\340\117\125\123\330\143\142}{}% 59
\BOOKMARK [2][-]{subsection.6.1}{\376\377\133\236\232\214\166\356\166\204}{section.6}% 60
\BOOKMARK [2][-]{subsection.6.2}{\376\377\133\236\232\214\211\201\154\102}{section.6}% 61
\BOOKMARK [2][-]{subsection.6.3}{\376\377\121\163\225\056\173\227\154\325\123\312\133\236\163\260\123\237\164\006}{section.6}% 62
\BOOKMARK [3][-]{subsubsection.6.3.1}{\376\377\237\120\153\041\127\120\150\007\116\016\176\337\116\000\167\351\226\065\210\150\217\276}{subsection.6.3}% 63
\BOOKMARK [3][-]{subsubsection.6.3.2}{\376\377\116\224\171\315\127\372\147\054\123\330\143\142\167\351\226\065}{subsection.6.3}% 64
\BOOKMARK [3][-]{subsubsection.6.3.3}{\376\377\131\015\124\010\123\330\143\142\166\204\230\172\136\217}{subsection.6.3}% 65
\BOOKMARK [3][-]{subsubsection.6.3.4}{\376\377\121\163\116\216\116\373\141\017\160\271\166\204\145\313\217\154}{subsection.6.3}% 66
\BOOKMARK [3][-]{subsubsection.6.3.5}{\376\377\237\040\150\007\142\376\123\326\040\024\040\024\160\271\127\050\131\032\217\271\137\142\121\205\122\044\133\232}{subsection.6.3}% 67
\BOOKMARK [2][-]{subsection.6.4}{\376\377\172\013\136\217\214\003\213\325\116\055\166\204\225\356\230\230}{section.6}% 68
\BOOKMARK [2][-]{subsection.6.5}{\376\377\172\013\136\217\217\320\210\114\176\323\147\234\142\026\145\160\143\156}{section.6}% 69
\BOOKMARK [2][-]{subsection.6.6}{\376\377\133\236\232\214\145\066\203\267\123\312\117\123\117\032}{section.6}% 70
\BOOKMARK [1][-]{section.7}{\376\377\133\236\232\214\116\003\000\040\210\301\122\152\173\227\154\325}{}% 71
\BOOKMARK [2][-]{subsection.7.1}{\376\377\133\236\232\214\166\356\166\204}{section.7}% 72
\BOOKMARK [2][-]{subsection.7.2}{\376\377\133\236\232\214\211\201\154\102}{section.7}% 73
\BOOKMARK [2][-]{subsection.7.3}{\376\377\121\163\225\056\173\227\154\325\123\312\133\236\163\260\123\237\164\006}{section.7}% 74
\BOOKMARK [3][-]{subsubsection.7.3.1}{\376\377\000C\000o\000h\000e\000n\040\023\000S\000u\000t\000h\000e\000r\000l\000a\000n\000d\000\040\166\364\176\277\210\301\122\152\377\010\177\026\170\001\154\325\377\011}{subsection.7.3}% 75
\BOOKMARK [3][-]{subsubsection.7.3.2}{\376\377\116\055\160\271\122\006\122\162\173\227\154\325}{subsection.7.3}% 76
\BOOKMARK [3][-]{subsubsection.7.3.3}{\376\377\000L\000i\000a\000n\000g\040\023\000B\000a\000r\000s\000k\000y\000\040\123\302\145\160\154\325}{subsection.7.3}% 77
\BOOKMARK [3][-]{subsubsection.7.3.4}{\376\377\000S\000u\000t\000h\000e\000r\000l\000a\000n\000d\040\023\000H\000o\000d\000g\000m\000a\000n\000\040\131\032\217\271\137\142\210\301\122\152\377\010\221\315\160\271\377\011}{subsection.7.3}% 78
\BOOKMARK [3][-]{subsubsection.7.3.5}{\376\377\173\227\154\325\133\371\153\324}{subsection.7.3}% 79
\BOOKMARK [2][-]{subsection.7.4}{\376\377\172\013\136\217\214\003\213\325\116\055\166\204\225\356\230\230}{section.7}% 80
\BOOKMARK [2][-]{subsection.7.5}{\376\377\172\013\136\217\217\320\210\114\176\323\147\234\142\026\145\160\143\156}{section.7}% 81
\BOOKMARK [2][-]{subsection.7.6}{\376\377\133\236\232\214\145\066\203\267\123\312\117\123\117\032}{section.7}% 82
\BOOKMARK [1][-]{section.8}{\376\377\133\236\232\214\121\153\000\040\116\011\176\364\126\376\137\142\123\330\143\142}{}% 83
\BOOKMARK [2][-]{subsection.8.1}{\376\377\133\236\232\214\166\356\166\204}{section.8}% 84
\BOOKMARK [2][-]{subsection.8.2}{\376\377\133\236\232\214\211\201\154\102}{section.8}% 85
\BOOKMARK [2][-]{subsection.8.3}{\376\377\121\163\225\056\173\227\154\325\123\312\133\236\163\260\123\237\164\006}{section.8}% 86
\BOOKMARK [3][-]{subsubsection.8.3.1}{\376\377\116\011\176\364\237\120\153\041\127\120\150\007}{subsection.8.3}% 87
\BOOKMARK [3][-]{subsubsection.8.3.2}{\376\377\127\372\147\054\123\330\143\142\167\351\226\065}{subsection.8.3}% 88
\BOOKMARK [3][-]{subsubsection.8.3.3}{\376\377\153\143\173\111\155\113\142\225\137\161\377\010\221\315\160\271\377\011}{subsection.8.3}% 89
\BOOKMARK [3][-]{subsubsection.8.3.4}{\376\377\116\044\226\066\153\265\156\062\147\323\173\241\176\277}{subsection.8.3}% 90
\BOOKMARK [3][-]{subsubsection.8.3.5}{\376\377\177\026\172\013\176\323\147\204\377\010\116\016\133\236\232\214\121\155\116\000\201\364\377\011}{subsection.8.3}% 91
\BOOKMARK [2][-]{subsection.8.4}{\376\377\172\013\136\217\214\003\213\325\116\055\166\204\225\356\230\230}{section.8}% 92
\BOOKMARK [2][-]{subsection.8.5}{\376\377\172\013\136\217\217\320\210\114\176\323\147\234\142\026\145\160\143\156}{section.8}% 93
\BOOKMARK [2][-]{subsection.8.6}{\376\377\133\236\232\214\145\066\203\267\123\312\117\123\117\032}{section.8}% 94
\BOOKMARK [1][-]{section.9}{\376\377\133\236\232\214\116\343\170\001}{}% 95
\BOOKMARK [2][-]{subsection.9.1}{\376\377\133\236\232\214\116\000\116\343\170\001}{section.9}% 96
\BOOKMARK [2][-]{subsection.9.2}{\376\377\133\236\232\214\116\214\116\343\170\001}{section.9}% 97
\BOOKMARK [2][-]{subsection.9.3}{\376\377\133\236\232\214\116\011\116\343\170\001}{section.9}% 98
\BOOKMARK [2][-]{subsection.9.4}{\376\377\133\236\232\214\126\333\116\343\170\001}{section.9}% 99
\BOOKMARK [2][-]{subsection.9.5}{\376\377\133\236\232\214\116\224\116\343\170\001}{section.9}% 100
\BOOKMARK [2][-]{subsection.9.6}{\376\377\133\236\232\214\121\155\116\343\170\001}{section.9}% 101
\BOOKMARK [2][-]{subsection.9.7}{\376\377\133\236\232\214\116\003\116\343\170\001}{section.9}% 102
\BOOKMARK [2][-]{subsection.9.8}{\376\377\133\236\232\214\121\153\116\343\170\001}{section.9}% 103
